#
# A fatal error has been detected by the Java Runtime Environment:
#
#  SIGSEGV (0xb) at pc=0x00007fef07403f21, pid=26314, tid=26382
#
# JRE version: OpenJDK Runtime Environment Temurin-11.0.15+10 (11.0.15+10) (build 11.0.15+10)
# Java VM: OpenJDK 64-Bit Server VM Temurin-11.0.15+10 (11.0.15+10, mixed mode, tiered, compressed oops, g1 gc, linux-amd64)
# Problematic frame:
# C  [libjimage.so+0x3f21]  ImageStrings::find(Endian*, char const*, int*, unsigned int)+0x71
#
# Core dump will be written. Default location: Core dumps may be processed with "/usr/lib/systemd/systemd-coredump %P %u %g %s %t %c %h" (or dumping to /home/luke/git/Game_Programming/FinalGame/core.26314)
#
# If you would like to submit a bug report, please visit:
#   https://github.com/adoptium/adoptium-support/issues
#

---------------  S U M M A R Y ------------

Command Line: -agentlib:jdwp=transport=dt_socket,server=n,suspend=y,address=localhost:37905 finalgame.App

Host: Intel(R) Core(TM) i7-8750H CPU @ 2.20GHz, 12 cores, 14G, Fedora release 36 (Thirty Six)
Time: Fri Jun 24 16:50:05 2022 CEST elapsed time: 28.084218 seconds (0d 0h 0m 28s)

---------------  T H R E A D  ---------------

Current thread (0x00007fef08ab9000):  JavaThread "GameLoop" [_thread_in_vm, id=26382, stack(0x00007fee60500000,0x00007fee60600000)]

Stack: [0x00007fee60500000,0x00007fee60600000],  sp=0x00007fee605fbd60,  free space=1007k
Native frames: (J=compiled Java code, A=aot compiled Java code, j=interpreted, Vv=VM code, C=native code)
C  [libjimage.so+0x3f21]  ImageStrings::find(Endian*, char const*, int*, unsigned int)+0x71
C  [libjimage.so+0x4b1a]  ImageFileReader::find_location_index(char const*, unsigned long long*) const+0x3a
C  [libjimage.so+0x501a]  JIMAGE_FindResource+0xfa
V  [libjvm.so+0x60b43e]  ClassPathImageEntry::open_stream(char const*, Thread*)+0x4e
V  [libjvm.so+0x60dfdf]  ClassLoader::load_class(Symbol*, bool, Thread*)+0x12f
V  [libjvm.so+0xe9c3a5]  SystemDictionary::load_instance_class(Symbol*, Handle, Thread*)+0x4f5
V  [libjvm.so+0xe9a8fa]  SystemDictionary::resolve_instance_class_or_null(Symbol*, Handle, Handle, Thread*)+0x93a
V  [libjvm.so+0xe9ad22]  SystemDictionary::resolve_or_fail(Symbol*, Handle, Handle, bool, Thread*)+0x22
V  [libjvm.so+0x6c4807]  ConstantPool::klass_ref_at(int, Thread*)+0x137
V  [libjvm.so+0xab9493]  LinkResolver::resolve_field_access(fieldDescriptor&, constantPoolHandle const&, int, methodHandle const&, Bytecodes::Code, Thread*)+0x43